  Ball_Collision.cpp
D:\kuliah\sem 5\grafika komputer\github\UAS-GK-Object-Collision\Ball_Collision\Ball_Collision\Shape.h(31,70): warning C4312: 'type cast': conversion from 'unsigned int' to 'void *' of greater size
D:\kuliah\sem 5\grafika komputer\github\UAS-GK-Object-Collision\Ball_Collision\Ball_Collision\Shape.h(70,85): warning C4244: '=': conversion from 'double' to 'float', possible loss of data
D:\kuliah\sem 5\grafika komputer\github\UAS-GK-Object-Collision\Ball_Collision\Ball_Collision\Shape.h(71,89): warning C4244: '=': conversion from 'double' to 'float', possible loss of data
D:\kuliah\sem 5\grafika komputer\github\UAS-GK-Object-Collision\Ball_Collision\Ball_Collision\Shape.h(98,29): warning C4244: '=': conversion from 'double' to 'float', possible loss of data
D:\kuliah\sem 5\grafika komputer\github\UAS-GK-Object-Collision\Ball_Collision\Ball_Collision\Shape.h(103,17): warning C4244: '=': conversion from 'double' to 'float', possible loss of data
D:\kuliah\sem 5\grafika komputer\github\UAS-GK-Object-Collision\Ball_Collision\Ball_Collision\Shape.h(104,17): warning C4244: '=': conversion from 'double' to 'float', possible loss of data
D:\kuliah\sem 5\grafika komputer\github\UAS-GK-Object-Collision\Ball_Collision\Ball_Collision\Shape.h(114,16): warning C4244: 'initializing': conversion from 'double' to 'float', possible loss of data
D:\kuliah\sem 5\grafika komputer\github\UAS-GK-Object-Collision\Ball_Collision\Ball_Collision\Shape.h(118,60): warning C4244: 'argument': conversion from 'double' to 'float', possible loss of data
D:\kuliah\sem 5\grafika komputer\github\UAS-GK-Object-Collision\Ball_Collision\Ball_Collision\Shape.h(119,60): warning C4244: 'argument': conversion from 'double' to 'float', possible loss of data
D:\kuliah\sem 5\grafika komputer\github\UAS-GK-Object-Collision\Ball_Collision\Ball_Collision\Shape.h(132,16): warning C4244: 'initializing': conversion from 'double' to 'float', possible loss of data
D:\kuliah\sem 5\grafika komputer\github\UAS-GK-Object-Collision\Ball_Collision\Ball_Collision\Shape.h(135,69): warning C4244: 'argument': conversion from 'double' to 'float', possible loss of data
D:\kuliah\sem 5\grafika komputer\github\UAS-GK-Object-Collision\Ball_Collision\Ball_Collision\Shape.h(136,69): warning C4244: 'argument': conversion from 'double' to 'float', possible loss of data
D:\kuliah\sem 5\grafika komputer\github\UAS-GK-Object-Collision\Ball_Collision\Ball_Collision\Shape.h(148,18): warning C4305: 'initializing': truncation from 'double' to 'float'
D:\kuliah\sem 5\grafika komputer\github\UAS-GK-Object-Collision\Ball_Collision\Ball_Collision\Shape.h(151,78): warning C4244: '=': conversion from 'double' to 'float', possible loss of data
D:\kuliah\sem 5\grafika komputer\github\UAS-GK-Object-Collision\Ball_Collision\Ball_Collision\Shape.h(152,82): warning C4244: '=': conversion from 'double' to 'float', possible loss of data
D:\kuliah\sem 5\grafika komputer\github\UAS-GK-Object-Collision\Ball_Collision\Ball_Collision\Shape.h(154,29): warning C4244: '=': conversion from 'double' to 'float', possible loss of data
D:\kuliah\sem 5\grafika komputer\github\UAS-GK-Object-Collision\Ball_Collision\Ball_Collision\Shape.h(167,29): warning C4244: '=': conversion from 'double' to 'float', possible loss of data
D:\kuliah\sem 5\grafika komputer\github\UAS-GK-Object-Collision\Ball_Collision\Ball_Collision\Shape.h(182,59): warning C4244: 'return': conversion from 'double' to 'float', possible loss of data
D:\kuliah\sem 5\grafika komputer\github\UAS-GK-Object-Collision\Ball_Collision\Ball_Collision\Shape.h(230,19): warning C4244: '=': conversion from 'int' to 'float', possible loss of data
D:\kuliah\sem 5\grafika komputer\github\UAS-GK-Object-Collision\Ball_Collision\Ball_Collision\Shape.h(243,14): warning C4244: 'argument': conversion from 'int' to 'float', possible loss of data
D:\kuliah\sem 5\grafika komputer\github\UAS-GK-Object-Collision\Ball_Collision\Ball_Collision\Shape.h(263,26): warning C4244: '=': conversion from 'double' to 'float', possible loss of data
D:\kuliah\sem 5\grafika komputer\github\UAS-GK-Object-Collision\Ball_Collision\Ball_Collision\Shape.h(270,50): warning C4244: '=': conversion from 'double' to 'float', possible loss of data
D:\kuliah\sem 5\grafika komputer\github\UAS-GK-Object-Collision\Ball_Collision\Ball_Collision\Shape.h(271,50): warning C4244: '=': conversion from 'double' to 'float', possible loss of data
D:\kuliah\sem 5\grafika komputer\github\UAS-GK-Object-Collision\Ball_Collision\Ball_Collision\Physics_Engine.h(44,19): warning C4267: 'initializing': conversion from 'size_t' to 'int', possible loss of data
D:\kuliah\sem 5\grafika komputer\github\UAS-GK-Object-Collision\Ball_Collision\Ball_Collision\Physics_Engine.h(51,18): warning C4244: 'initializing': conversion from 'double' to 'float', possible loss of data
D:\kuliah\sem 5\grafika komputer\github\UAS-GK-Object-Collision\Ball_Collision\Ball_Collision\Physics_Engine.h(52,18): warning C4244: 'initializing': conversion from 'double' to 'float', possible loss of data
D:\kuliah\sem 5\grafika komputer\github\UAS-GK-Object-Collision\Ball_Collision\Ball_Collision\Physics_Engine.h(53,18): warning C4244: 'initializing': conversion from 'double' to 'float', possible loss of data
D:\kuliah\sem 5\grafika komputer\github\UAS-GK-Object-Collision\Ball_Collision\Ball_Collision\Physics_Engine.h(54,18): warning C4244: 'initializing': conversion from 'double' to 'float', possible loss of data
D:\kuliah\sem 5\grafika komputer\github\UAS-GK-Object-Collision\Ball_Collision\Ball_Collision\Physics_Engine.h(82,19): warning C4244: 'initializing': conversion from 'double' to 'float', possible loss of data
D:\kuliah\sem 5\grafika komputer\github\UAS-GK-Object-Collision\Ball_Collision\Ball_Collision\Physics_Engine.h(83,19): warning C4244: 'initializing': conversion from 'double' to 'float', possible loss of data
D:\kuliah\sem 5\grafika komputer\github\UAS-GK-Object-Collision\Ball_Collision\Ball_Collision\Physics_Engine.h(84,19): warning C4244: 'initializing': conversion from 'double' to 'float', possible loss of data
D:\kuliah\sem 5\grafika komputer\github\UAS-GK-Object-Collision\Ball_Collision\Ball_Collision\Physics_Engine.h(85,19): warning C4244: 'initializing': conversion from 'double' to 'float', possible loss of data
D:\kuliah\sem 5\grafika komputer\github\UAS-GK-Object-Collision\Ball_Collision\Ball_Collision\Physics_Engine.h(89,58): warning C4244: 'argument': conversion from 'float' to 'int', possible loss of data
D:\kuliah\sem 5\grafika komputer\github\UAS-GK-Object-Collision\Ball_Collision\Ball_Collision\Physics_Engine.h(91,58): warning C4244: 'argument': conversion from 'float' to 'int', possible loss of data
D:\kuliah\sem 5\grafika komputer\github\UAS-GK-Object-Collision\Ball_Collision\Ball_Collision\Physics_Engine.h(100,77): warning C4244: 'argument': conversion from 'float' to 'int', possible loss of data
D:\kuliah\sem 5\grafika komputer\github\UAS-GK-Object-Collision\Ball_Collision\Ball_Collision\Physics_Engine.h(105,92): warning C4244: '=': conversion from 'double' to 'float', possible loss of data
D:\kuliah\sem 5\grafika komputer\github\UAS-GK-Object-Collision\Ball_Collision\Ball_Collision\Physics_Engine.h(106,92): warning C4244: '=': conversion from 'double' to 'float', possible loss of data
D:\kuliah\sem 5\grafika komputer\github\UAS-GK-Object-Collision\Ball_Collision\Ball_Collision\Physics_Engine.h(107,92): warning C4244: '=': conversion from 'double' to 'float', possible loss of data
D:\kuliah\sem 5\grafika komputer\github\UAS-GK-Object-Collision\Ball_Collision\Ball_Collision\Physics_Engine.h(108,92): warning C4244: '=': conversion from 'double' to 'float', possible loss of data
D:\kuliah\sem 5\grafika komputer\github\UAS-GK-Object-Collision\Ball_Collision\Ball_Collision\Physics_Engine.h(137,43): warning C4305: 'argument': truncation from 'double' to 'float'
D:\kuliah\sem 5\grafika komputer\github\UAS-GK-Object-Collision\Ball_Collision\Ball_Collision\Physics_Engine.h(140,42): warning C4305: 'argument': truncation from 'double' to 'float'
D:\kuliah\sem 5\grafika komputer\github\UAS-GK-Object-Collision\Ball_Collision\Ball_Collision\Physics_Engine.h(155,19): warning C4267: 'initializing': conversion from 'size_t' to 'int', possible loss of data
D:\kuliah\sem 5\grafika komputer\github\UAS-GK-Object-Collision\Ball_Collision\Ball_Collision\Physics_Engine.h(174,26): warning C4244: 'return': conversion from 'double' to 'float', possible loss of data
D:\kuliah\sem 5\grafika komputer\github\UAS-GK-Object-Collision\Ball_Collision\Ball_Collision\Ball_Collision.cpp(30,42): warning C4244: 'argument': conversion from 'double' to 'int', possible loss of data
D:\kuliah\sem 5\grafika komputer\github\UAS-GK-Object-Collision\Ball_Collision\Ball_Collision\Ball_Collision.cpp(30,28): warning C4244: 'argument': conversion from 'double' to 'int', possible loss of data
D:\kuliah\sem 5\grafika komputer\github\UAS-GK-Object-Collision\Ball_Collision\Ball_Collision\Ball_Collision.cpp(66,18): warning C4305: 'argument': truncation from 'double' to 'float'
D:\kuliah\sem 5\grafika komputer\github\UAS-GK-Object-Collision\Ball_Collision\Ball_Collision\Ball_Collision.cpp(70,20): warning C4305: 'argument': truncation from 'double' to 'float'
D:\kuliah\sem 5\grafika komputer\github\UAS-GK-Object-Collision\Ball_Collision\Ball_Collision\Ball_Collision.cpp(96,13): warning C4244: 'initializing': conversion from 'double' to 'float', possible loss of data
D:\kuliah\sem 5\grafika komputer\github\UAS-GK-Object-Collision\Ball_Collision\Ball_Collision\Ball_Collision.cpp(97,13): warning C4244: 'initializing': conversion from 'double' to 'float', possible loss of data
D:\kuliah\sem 5\grafika komputer\github\UAS-GK-Object-Collision\Ball_Collision\Ball_Collision\Ball_Collision.cpp(107,53): warning C4244: 'argument': conversion from 'double' to 'float', possible loss of data
D:\kuliah\sem 5\grafika komputer\github\UAS-GK-Object-Collision\Ball_Collision\Ball_Collision\Ball_Collision.cpp(107,44): warning C4244: 'argument': conversion from 'double' to 'float', possible loss of data
D:\kuliah\sem 5\grafika komputer\github\UAS-GK-Object-Collision\Ball_Collision\Ball_Collision\Ball_Collision.cpp(107,35): warning C4244: 'argument': conversion from 'double' to 'float', possible loss of data
D:\kuliah\sem 5\grafika komputer\github\UAS-GK-Object-Collision\Ball_Collision\Ball_Collision\Ball_Collision.cpp(109,29): warning C4305: 'argument': truncation from 'double' to 'float'
D:\kuliah\sem 5\grafika komputer\github\UAS-GK-Object-Collision\Ball_Collision\Ball_Collision\Ball_Collision.cpp(110,32): warning C4244: 'argument': conversion from 'double' to 'float', possible loss of data
D:\kuliah\sem 5\grafika komputer\github\UAS-GK-Object-Collision\Ball_Collision\Ball_Collision\Ball_Collision.cpp(110,29): warning C4244: 'argument': conversion from 'double' to 'float', possible loss of data
D:\kuliah\sem 5\grafika komputer\github\UAS-GK-Object-Collision\Ball_Collision\Ball_Collision\Ball_Collision.cpp(110,26): warning C4244: 'argument': conversion from 'double' to 'float', possible loss of data
D:\kuliah\sem 5\grafika komputer\github\UAS-GK-Object-Collision\Ball_Collision\Ball_Collision\Ball_Collision.cpp(121,14): warning C4244: 'argument': conversion from 'time_t' to 'unsigned int', possible loss of data
D:\kuliah\sem 5\grafika komputer\github\UAS-GK-Object-Collision\Ball_Collision\Ball_Collision\Ball_Collision.cpp(133,39): warning C4244: 'argument': conversion from 'double' to 'float', possible loss of data
D:\kuliah\sem 5\grafika komputer\github\UAS-GK-Object-Collision\Ball_Collision\Ball_Collision\Ball_Collision.cpp(133,30): warning C4244: 'argument': conversion from 'double' to 'float', possible loss of data
D:\kuliah\sem 5\grafika komputer\github\UAS-GK-Object-Collision\Ball_Collision\Ball_Collision\Ball_Collision.cpp(133,21): warning C4244: 'argument': conversion from 'double' to 'float', possible loss of data
D:\kuliah\sem 5\grafika komputer\github\UAS-GK-Object-Collision\Ball_Collision\Ball_Collision\Ball_Collision.cpp(134,32): warning C4244: 'argument': conversion from 'double' to 'float', possible loss of data
D:\kuliah\sem 5\grafika komputer\github\UAS-GK-Object-Collision\Ball_Collision\Ball_Collision\Ball_Collision.cpp(134,29): warning C4244: 'argument': conversion from 'double' to 'float', possible loss of data
D:\kuliah\sem 5\grafika komputer\github\UAS-GK-Object-Collision\Ball_Collision\Ball_Collision\Ball_Collision.cpp(134,26): warning C4244: 'argument': conversion from 'double' to 'float', possible loss of data
D:\kuliah\sem 5\grafika komputer\github\UAS-GK-Object-Collision\Ball_Collision\Ball_Collision\Ball_Collision.cpp(136,13): warning C4244: 'initializing': conversion from 'double' to 'float', possible loss of data
D:\kuliah\sem 5\grafika komputer\github\UAS-GK-Object-Collision\Ball_Collision\Ball_Collision\Ball_Collision.cpp(137,13): warning C4244: 'initializing': conversion from 'double' to 'float', possible loss of data
D:\kuliah\sem 5\grafika komputer\github\UAS-GK-Object-Collision\Ball_Collision\Ball_Collision\Ball_Collision.cpp(139,42): warning C4244: 'argument': conversion from 'double' to 'float', possible loss of data
D:\kuliah\sem 5\grafika komputer\github\UAS-GK-Object-Collision\Ball_Collision\Ball_Collision\Ball_Collision.cpp(139,28): warning C4244: 'argument': conversion from 'double' to 'float', possible loss of data
D:\kuliah\sem 5\grafika komputer\github\UAS-GK-Object-Collision\Ball_Collision\Ball_Collision\Ball_Collision.cpp(153,23): warning C4267: 'initializing': conversion from 'size_t' to 'int', possible loss of data
D:\kuliah\sem 5\grafika komputer\github\UAS-GK-Object-Collision\Ball_Collision\Ball_Collision\Ball_Collision.cpp(166,21): warning C4305: 'argument': truncation from 'double' to 'float'
D:\kuliah\sem 5\grafika komputer\github\UAS-GK-Object-Collision\Ball_Collision\Ball_Collision\Ball_Collision.cpp(57,9): warning C4101: 'r': unreferenced local variable
glew32s.lib(glew.obj) : warning LNK4099: PDB '' was not found with 'glew32s.lib(glew.obj)' or at ''; linking object as if no debug info
LINK : warning LNK4098: defaultlib 'LIBCMT' conflicts with use of other libs; use /NODEFAULTLIB:library
LINK : warning LNK4098: defaultlib 'MSVCRT' conflicts with use of other libs; use /NODEFAULTLIB:library
  Ball_Collision.vcxproj -> D:\kuliah\sem 5\grafika komputer\github\UAS-GK-Object-Collision\Ball_Collision\Ball_Collision\x64\Debug\Ball_Collision.exe
